<?xml version="1.0" encoding="UTF-8"?>
<!-- Generated by org.testng.reporters.JUnitReportReporter -->
<testsuite hostname="madhu" failures="0" tests="1" name="runner.TestRunner" time="54.820" errors="0" timestamp="2023-12-11T09:39:59 IST" skipped="0">
  <testcase classname="runner.TestRunner" name="runScenario" time="54.820"/>
  <system-out/>
</testsuite> <!-- runner.TestRunner -->
